<?xml version="1.0" encoding="UTF-8"?>
<robot generator="Robot 6.0.2 (Python 3.11.1 on win32)" generated="20230324 21:00:50.177" rpa="false" schemaversion="3">
<suite id="s1" name="Api Testing Usuarios" source="C:\Users\railton.oliveira\PycharmProjects\2403Robot_framework_API\tests\api_testing_usuarios.robot">
<test id="s1-t1" name="Cenário 01: Cadastrar um novo usuário com sucesso na ServeRest" line="6">
<kw name="Criar um usuário novo" library="api_testing_user">
<kw name="Generate Random String" library="String">
<var>${palavra_aleatoria}</var>
<arg>length=4</arg>
<arg>chars=[LETTERS]</arg>
<doc>Generates a string with a desired ``length`` from the given ``chars``.</doc>
<msg timestamp="20230324 21:00:50.272" level="INFO">${palavra_aleatoria} = oWUR</msg>
<status status="PASS" starttime="20230324 21:00:50.272" endtime="20230324 21:00:50.272"/>
</kw>
<kw name="Convert To Lower Case" library="String">
<var>${palavra_aleatoria}</var>
<arg>${palavra_aleatoria}</arg>
<doc>Converts string to lower case.</doc>
<msg timestamp="20230324 21:00:50.272" level="INFO">${palavra_aleatoria} = owur</msg>
<status status="PASS" starttime="20230324 21:00:50.272" endtime="20230324 21:00:50.272"/>
</kw>
<kw name="Set Test Variable" library="BuiltIn">
<arg>${EMAIL_TESTE}</arg>
<arg>${palavra_aleatoria}@emailteste.com</arg>
<doc>Makes a variable available everywhere within the scope of the current test.</doc>
<msg timestamp="20230324 21:00:50.273" level="INFO">${EMAIL_TESTE} = owur@emailteste.com</msg>
<status status="PASS" starttime="20230324 21:00:50.272" endtime="20230324 21:00:50.273"/>
</kw>
<kw name="Log" library="BuiltIn">
<arg>${EMAIL_TESTE}</arg>
<doc>Logs the given message with the given level.</doc>
<msg timestamp="20230324 21:00:50.273" level="INFO">owur@emailteste.com</msg>
<status status="PASS" starttime="20230324 21:00:50.273" endtime="20230324 21:00:50.273"/>
</kw>
<status status="PASS" starttime="20230324 21:00:50.271" endtime="20230324 21:00:50.273"/>
</kw>
<kw name="Cadastrar o usuário criado na ServeRest" library="api_testing_user">
<arg>email=${EMAIL_TESTE}</arg>
<arg>status_code_desejado=201</arg>
<kw name="Create Dictionary" library="BuiltIn">
<var>${body}</var>
<arg>nome=Max Mustermann</arg>
<arg>email=${email}</arg>
<arg>password=1234</arg>
<arg>administrador=true</arg>
<doc>Creates and returns a dictionary based on the given ``items``.</doc>
<msg timestamp="20230324 21:00:50.274" level="INFO">${body} = {'nome': 'Max Mustermann', 'email': 'owur@emailteste.com', 'password': '1234', 'administrador': 'true'}</msg>
<status status="PASS" starttime="20230324 21:00:50.274" endtime="20230324 21:00:50.274"/>
</kw>
<kw name="Log" library="BuiltIn">
<arg>${body}</arg>
<doc>Logs the given message with the given level.</doc>
<msg timestamp="20230324 21:00:50.274" level="INFO">{'nome': 'Max Mustermann', 'email': 'owur@emailteste.com', 'password': '1234', 'administrador': 'true'}</msg>
<status status="PASS" starttime="20230324 21:00:50.274" endtime="20230324 21:00:50.274"/>
</kw>
<kw name="Criar Sessão na ServeRest" library="api_testing_user">
<kw name="Create Dictionary" library="BuiltIn">
<var>${headers}</var>
<arg>accept=application/json</arg>
<arg>Content-Type=application/json</arg>
<doc>Creates and returns a dictionary based on the given ``items``.</doc>
<msg timestamp="20230324 21:00:50.274" level="INFO">${headers} = {'accept': 'application/json', 'Content-Type': 'application/json'}</msg>
<status status="PASS" starttime="20230324 21:00:50.274" endtime="20230324 21:00:50.274"/>
</kw>
<kw name="Create Session" library="RequestsLibrary">
<arg>alias=ServeRest</arg>
<arg>url=https://serverest.dev</arg>
<arg>headers=${headers}</arg>
<doc>Create Session: create a HTTP session to a server</doc>
<msg timestamp="20230324 21:00:50.275" level="INFO">Creating Session using : alias=ServeRest, url=https://serverest.dev, headers={'accept': 'application/json', 'Content-Type': 'application/json'},                     cookies={}, auth=None, timeout=None, proxies=None, verify=False,                     debug=0 </msg>
<status status="PASS" starttime="20230324 21:00:50.274" endtime="20230324 21:00:50.275"/>
</kw>
<status status="PASS" starttime="20230324 21:00:50.274" endtime="20230324 21:00:50.275"/>
</kw>
<kw name="POST On Session" library="RequestsLibrary">
<var>${resposta}</var>
<arg>alias=ServeRest</arg>
<arg>url=/usuarios</arg>
<arg>json=${body}</arg>
<arg>expected_status=${status_code_desejado}</arg>
<doc>Sends a POST request on a previously created HTTP Session.</doc>
<msg timestamp="20230324 21:00:50.487" level="INFO">POST Request : url=https://serverest.dev/usuarios 
 path_url=/usuarios 
 headers={'User-Agent': 'python-requests/2.28.2', 'Accept-Encoding': 'gzip, deflate', 'accept': 'application/json', 'Connection': 'keep-alive', 'Content-Type': 'application/json', 'Content-Length': '103'} 
 body=b'{"nome": "Max Mustermann", "email": "owur@emailteste.com", "password": "1234", "administrador": "true"}' 
 </msg>
<msg timestamp="20230324 21:00:50.487" level="INFO">POST Response : url=https://serverest.dev/usuarios 
 status=201, reason=Created 
 headers={'access-control-allow-origin': '*', 'x-dns-prefetch-control': 'off', 'x-frame-options': 'SAMEORIGIN', 'strict-transport-security': 'max-age=15552000; includeSubDomains', 'x-download-options': 'noopen', 'x-content-type-options': 'nosniff', 'x-xss-protection': '1; mode=block', 'x-moesif-transaction-id': '315d2c1c-d34a-4393-979e-bf7456109dab', 'content-type': 'application/json; charset=utf-8', 'X-Cloud-Trace-Context': 'ad404193aed0005e0f344447d52de36b;o=1', 'Date': 'Fri, 24 Mar 2023 20:00:51 GMT', 'Server': 'Google Frontend', 'Content-Length': '82'} 
 body={
    "message": "Cadastro realizado com sucesso",
    "_id": "LrkIV7RMMJkHvRVV"
} 
 </msg>
<msg timestamp="20230324 21:00:50.487" level="INFO">C:\Users\railton.oliveira\PycharmProjects\2403Robot_framework_API\venv\Lib\site-packages\urllib3\connectionpool.py:1045: InsecureRequestWarning: Unverified HTTPS request is being made to host 'serverest.dev'. Adding certificate verification is strongly advised. See: https://urllib3.readthedocs.io/en/1.26.x/advanced-usage.html#ssl-warnings
  warnings.warn(</msg>
<msg timestamp="20230324 21:00:50.488" level="INFO">${resposta} = &lt;Response [201]&gt;</msg>
<status status="PASS" starttime="20230324 21:00:50.275" endtime="20230324 21:00:50.488"/>
</kw>
<kw name="Log" library="BuiltIn">
<arg>${resposta.json()}</arg>
<doc>Logs the given message with the given level.</doc>
<msg timestamp="20230324 21:00:50.489" level="INFO">{'message': 'Cadastro realizado com sucesso', '_id': 'LrkIV7RMMJkHvRVV'}</msg>
<status status="PASS" starttime="20230324 21:00:50.488" endtime="20230324 21:00:50.489"/>
</kw>
<if>
<branch type="IF" condition="${resposta.status_code} == 201">
<kw name="Set Test Variable" library="BuiltIn">
<arg>${ID_USUARIO}</arg>
<arg>${resposta.json()["_id"]}</arg>
<doc>Makes a variable available everywhere within the scope of the current test.</doc>
<msg timestamp="20230324 21:00:50.490" level="INFO">${ID_USUARIO} = LrkIV7RMMJkHvRVV</msg>
<status status="PASS" starttime="20230324 21:00:50.489" endtime="20230324 21:00:50.490"/>
</kw>
<status status="PASS" starttime="20230324 21:00:50.489" endtime="20230324 21:00:50.490"/>
</branch>
<status status="PASS" starttime="20230324 21:00:50.489" endtime="20230324 21:00:50.490"/>
</if>
<kw name="Set Test Variable" library="BuiltIn">
<arg>${RESPOSTA}</arg>
<arg>${resposta.json()}</arg>
<doc>Makes a variable available everywhere within the scope of the current test.</doc>
<msg timestamp="20230324 21:00:50.491" level="INFO">${RESPOSTA} = {'message': 'Cadastro realizado com sucesso', '_id': 'LrkIV7RMMJkHvRVV'}</msg>
<status status="PASS" starttime="20230324 21:00:50.490" endtime="20230324 21:00:50.491"/>
</kw>
<kw name="Log To Console" library="BuiltIn">
<arg>${EMAIL_TESTE}</arg>
<arg>Usuario foi cadastrado no Portal!</arg>
<doc>Logs the given message to the console.</doc>
<status status="PASS" starttime="20230324 21:00:50.491" endtime="20230324 21:00:50.491"/>
</kw>
<status status="PASS" starttime="20230324 21:00:50.273" endtime="20230324 21:00:50.491"/>
</kw>
<kw name="Conferir se o usuário foi cadastrado corretamente" library="api_testing_user">
<kw name="Log" library="BuiltIn">
<arg>${RESPOSTA}</arg>
<doc>Logs the given message with the given level.</doc>
<msg timestamp="20230324 21:00:50.492" level="INFO">{'message': 'Cadastro realizado com sucesso', '_id': 'LrkIV7RMMJkHvRVV'}</msg>
<status status="PASS" starttime="20230324 21:00:50.492" endtime="20230324 21:00:50.492"/>
</kw>
<kw name="Dictionary Should Contain Item" library="Collections">
<arg>${RESPOSTA}</arg>
<arg>message</arg>
<arg>Cadastro realizado com sucesso</arg>
<doc>An item of ``key`` / ``value`` must be found in a ``dictionary``.</doc>
<status status="PASS" starttime="20230324 21:00:50.492" endtime="20230324 21:00:50.492"/>
</kw>
<kw name="Dictionary Should Contain Key" library="Collections">
<arg>${RESPOSTA}</arg>
<arg>_id</arg>
<doc>Fails if ``key`` is not found from ``dictionary``.</doc>
<status status="PASS" starttime="20230324 21:00:50.492" endtime="20230324 21:00:50.492"/>
</kw>
<status status="PASS" starttime="20230324 21:00:50.492" endtime="20230324 21:00:50.492"/>
</kw>
<status status="PASS" starttime="20230324 21:00:50.271" endtime="20230324 21:00:50.493"/>
</test>
<status status="PASS" starttime="20230324 21:00:50.179" endtime="20230324 21:00:50.494"/>
</suite>
<statistics>
<total>
<stat pass="1" fail="0" skip="0">All Tests</stat>
</total>
<tag>
</tag>
<suite>
<stat pass="1" fail="0" skip="0" id="s1" name="Api Testing Usuarios">Api Testing Usuarios</stat>
</suite>
</statistics>
<errors>
</errors>
</robot>
